
> mj-angular-elements-demo@0.0.0 build
> ng build

- Generating browser application bundles (phase: setup)...
    TypeScript compiler options "target" and "useDefineForClassFields" are set to "ES2022" and "false" respectively by the Angular CLI. To control ECMA version and features use the Browserslist configuration. For more information, see https://angular.io/guide/build#configuring-browser-compatibility
    NOTE: You can set the "target" to "ES2022" in the project's tsconfig to remove this warning.
✔ Browser application bundle generation complete.
✔ Browser application bundle generation complete.

./src/app/app.module.ts:15:28-72 - Error: Module not found: Error: Can't resolve '@memberjunction/ng-user-view-grid' in 'C:\Development\MemberJunction\packages\AngularElements\mj-angular-elements-demo\src\app'

Error: src/app/app.module.ts:9:36 - error TS2307: Cannot find module '@memberjunction/ng-user-view-grid' or its corresponding type declarations.

9 import { UserViewGridModule } from '@memberjunction/ng-user-view-grid';
                                     ~~~~~~~~~~~~~~~~~~~~~~~~~~~~~~~~~~~


Error: src/app/app.module.ts:22:13 - error NG1010: Value

Error: src/app/user-view-grid-wrapper/user-view-grid-wrapper.component.html:1:1 - error NG8001: 'mj-user-view-grid' is not a known element:
1. If 'mj-user-view-grid' is an Angular component, then verify that it is part of this module.
2. If 'mj-user-view-grid' is a Web Component then add 'CUSTOM_ELEMENTS_SCHEMA' to the '@NgModule.schemas' of this component to suppress this message.

1 <mj-user-view-grid></mj-user-view-grid>
  ~~~~~~~~~~~~~~~~~~~

  src/app/user-view-grid-wrapper/user-view-grid-wrapper.component.ts:5:16
    5   templateUrl: './user-view-grid-wrapper.component.html',
                     ~~~~~~~~~~~~~~~~~~~~~~~~~~~~~~~~~~~~~~~~~
    Error occurs in the template of component UserViewGridWrapperComponent.



npm ERR! Lifecycle script `build` failed with error: 
npm ERR! Error: command failed 
npm ERR!   in workspace: mj-angular-elements-demo@0.0.0 
npm ERR!   at location: C:\Development\MemberJunction\packages\AngularElements\mj-angular-elements-demo 
